<?xml version="1.0" encoding="UTF-8"?>
<!-- Generated by org.testng.reporters.JUnitXMLReporter -->
<testsuite ignored="0" hostname="DESKTOP-FGMS4CL" failures="0" tests="2" name="Login Test" time="77.41" errors="0" timestamp="25 Apr 2019 19:34:12 GMT">
  <testcase classname="com.myFirstJavaProjectV1.testCases.TC_LoginTest_001" name="loginTest" time="7.369"/>
  <testcase classname="com.myFirstJavaProjectV1.testCases.TC_AddNewCustomer_003" name="addNewCustomer" time="23.498"/>
</testsuite> <!-- Login Test -->
