<?xml version="1.0" encoding="UTF-8"?>
<!-- Generated by org.testng.reporters.JUnitXMLReporter -->
<testsuite ignored="0" hostname="DESKTOP-FGMS4CL" failures="0" tests="2" name="Login Test" time="48.387" errors="0" timestamp="26 Apr 2019 02:36:42 GMT">
  <testcase classname="com.myFirstJavaProjectV1.testCases.TC_LoginTest_001" name="loginTest" time="3.894"/>
  <testcase classname="com.myFirstJavaProjectV1.testCases.TC_AddNewCustomer_003" name="addNewCustomer" time="17.276"/>
</testsuite> <!-- Login Test -->
