<?xml version="1.0" encoding="UTF-8"?>
<testng-results ignored="0" total="2" passed="2" failed="0" skipped="0">
  <reporter-output>
  </reporter-output>
  <suite started-at="2019-04-26T02:35:54Z" name="myFirstJavaProjectV1" finished-at="2019-04-26T02:36:42Z" duration-ms="48387">
    <groups>
    </groups>
    <test started-at="2019-04-26T02:35:54Z" name="Login Test" finished-at="2019-04-26T02:36:42Z" duration-ms="48387">
      <class name="com.myFirstJavaProjectV1.testCases.TC_AddNewCustomer_003">
        <test-method is-config="true" signature="setup(java.lang.String)[pri:0, instance:com.myFirstJavaProjectV1.testCases.TC_AddNewCustomer_003@4f9a3314]" started-at="2019-04-26T02:36:14Z" name="setup" finished-at="2019-04-26T02:36:24Z" duration-ms="10610" status="PASS">
          <params>
            <param index="0">
              <value>
                <![CDATA[chrome]]>
              </value>
            </param>
          </params>
          <reporter-output>
          </reporter-output>
        </test-method> <!-- setup -->
        <test-method signature="addNewCustomer()[pri:0, instance:com.myFirstJavaProjectV1.testCases.TC_AddNewCustomer_003@4f9a3314]" started-at="2019-04-26T02:36:24Z" name="addNewCustomer" finished-at="2019-04-26T02:36:42Z" duration-ms="17276" status="PASS">
          <reporter-output>
          </reporter-output>
        </test-method> <!-- addNewCustomer -->
        <test-method is-config="true" signature="tearDown()[pri:0, instance:com.myFirstJavaProjectV1.testCases.TC_AddNewCustomer_003@4f9a3314]" started-at="2019-04-26T02:36:42Z" name="tearDown" finished-at="2019-04-26T02:36:42Z" duration-ms="637" status="PASS">
          <reporter-output>
          </reporter-output>
        </test-method> <!-- tearDown -->
      </class> <!-- com.myFirstJavaProjectV1.testCases.TC_AddNewCustomer_003 -->
      <class name="com.myFirstJavaProjectV1.testCases.TC_LoginTest_001">
        <test-method is-config="true" signature="setup(java.lang.String)[pri:0, instance:com.myFirstJavaProjectV1.testCases.TC_LoginTest_001@1b68b9a4]" started-at="2019-04-26T02:35:55Z" name="setup" finished-at="2019-04-26T02:36:09Z" duration-ms="14611" status="PASS">
          <params>
            <param index="0">
              <value>
                <![CDATA[chrome]]>
              </value>
            </param>
          </params>
          <reporter-output>
          </reporter-output>
        </test-method> <!-- setup -->
        <test-method signature="loginTest()[pri:0, instance:com.myFirstJavaProjectV1.testCases.TC_LoginTest_001@1b68b9a4]" started-at="2019-04-26T02:36:09Z" name="loginTest" finished-at="2019-04-26T02:36:13Z" duration-ms="3894" status="PASS">
          <reporter-output>
          </reporter-output>
        </test-method> <!-- loginTest -->
        <test-method is-config="true" signature="tearDown()[pri:0, instance:com.myFirstJavaProjectV1.testCases.TC_LoginTest_001@1b68b9a4]" started-at="2019-04-26T02:36:13Z" name="tearDown" finished-at="2019-04-26T02:36:14Z" duration-ms="653" status="PASS">
          <reporter-output>
          </reporter-output>
        </test-method> <!-- tearDown -->
      </class> <!-- com.myFirstJavaProjectV1.testCases.TC_LoginTest_001 -->
    </test> <!-- Login Test -->
  </suite> <!-- myFirstJavaProjectV1 -->
</testng-results>
