<?xml version="1.0" encoding="UTF-8"?>
<testng-results ignored="0" total="2" passed="2" failed="0" skipped="0">
  <reporter-output>
  </reporter-output>
  <suite started-at="2019-04-25T19:32:54Z" name="myFirstJavaProjectV1" finished-at="2019-04-25T19:34:12Z" duration-ms="77410">
    <groups>
    </groups>
    <test started-at="2019-04-25T19:32:54Z" name="Login Test" finished-at="2019-04-25T19:34:12Z" duration-ms="77410">
      <class name="com.myFirstJavaProjectV1.testCases.TC_AddNewCustomer_003">
        <test-method is-config="true" signature="setup(java.lang.String)[pri:0, instance:com.myFirstJavaProjectV1.testCases.TC_AddNewCustomer_003@70be0a2b]" started-at="2019-04-25T19:33:36Z" name="setup" finished-at="2019-04-25T19:33:47Z" duration-ms="11174" status="PASS">
          <params>
            <param index="0">
              <value>
                <![CDATA[chrome]]>
              </value>
            </param>
          </params>
          <reporter-output>
          </reporter-output>
        </test-method> <!-- setup -->
        <test-method signature="addNewCustomer()[pri:0, instance:com.myFirstJavaProjectV1.testCases.TC_AddNewCustomer_003@70be0a2b]" started-at="2019-04-25T19:33:47Z" name="addNewCustomer" finished-at="2019-04-25T19:34:11Z" duration-ms="23498" status="PASS">
          <reporter-output>
          </reporter-output>
        </test-method> <!-- addNewCustomer -->
        <test-method is-config="true" signature="tearDown()[pri:0, instance:com.myFirstJavaProjectV1.testCases.TC_AddNewCustomer_003@70be0a2b]" started-at="2019-04-25T19:34:11Z" name="tearDown" finished-at="2019-04-25T19:34:12Z" duration-ms="787" status="PASS">
          <reporter-output>
          </reporter-output>
        </test-method> <!-- tearDown -->
      </class> <!-- com.myFirstJavaProjectV1.testCases.TC_AddNewCustomer_003 -->
      <class name="com.myFirstJavaProjectV1.testCases.TC_LoginTest_001">
        <test-method is-config="true" signature="setup(java.lang.String)[pri:0, instance:com.myFirstJavaProjectV1.testCases.TC_LoginTest_001@f8c1ddd]" started-at="2019-04-25T19:32:54Z" name="setup" finished-at="2019-04-25T19:33:28Z" duration-ms="33378" status="PASS">
          <params>
            <param index="0">
              <value>
                <![CDATA[chrome]]>
              </value>
            </param>
          </params>
          <reporter-output>
          </reporter-output>
        </test-method> <!-- setup -->
        <test-method signature="loginTest()[pri:0, instance:com.myFirstJavaProjectV1.testCases.TC_LoginTest_001@f8c1ddd]" started-at="2019-04-25T19:33:28Z" name="loginTest" finished-at="2019-04-25T19:33:35Z" duration-ms="7369" status="PASS">
          <reporter-output>
          </reporter-output>
        </test-method> <!-- loginTest -->
        <test-method is-config="true" signature="tearDown()[pri:0, instance:com.myFirstJavaProjectV1.testCases.TC_LoginTest_001@f8c1ddd]" started-at="2019-04-25T19:33:35Z" name="tearDown" finished-at="2019-04-25T19:33:36Z" duration-ms="771" status="PASS">
          <reporter-output>
          </reporter-output>
        </test-method> <!-- tearDown -->
      </class> <!-- com.myFirstJavaProjectV1.testCases.TC_LoginTest_001 -->
    </test> <!-- Login Test -->
  </suite> <!-- myFirstJavaProjectV1 -->
</testng-results>
